{"name":"MongoError","message":"Could not connect to mongo server!","ok":0,"code":18,"errmsg":"Authentication failed.","level":"error","timestamp":"2017-04-04T12:57:49.424Z"}
{"name":"MongoError","message":"Could not connect to mongo server!","ok":0,"code":18,"errmsg":"Authentication failed.","level":"error","timestamp":"2017-04-04T12:58:11.377Z"}
{"name":"MongoError","message":"Could not connect to mongo server!","ok":0,"code":18,"errmsg":"Authentication failed.","level":"error","timestamp":"2017-04-04T13:00:24.810Z"}
{"name":"MongoError","message":"Could not connect to mongo server!","ok":0,"code":18,"errmsg":"Authentication failed.","level":"error","timestamp":"2017-04-04T13:00:43.588Z"}
{"level":"info","message":"Connected to mongo server.","timestamp":"2017-04-04T13:01:35.050Z"}
{"errors":{"mobile":{"message":"Path `mobile` is required.","name":"ValidatorError","properties":{"type":"required","message":"Path `{PATH}` is required.","path":"mobile","value":""},"kind":"required","path":"mobile","value":""}},"message":"","name":"ValidationError","level":"error","timestamp":"2017-04-04T13:01:35.634Z"}
{"level":"info","message":"Connected to mongo server.","timestamp":"2017-04-04T13:12:07.498Z"}
{"errors":{"mobile":{"message":"Path `mobile` is required.","name":"ValidatorError","properties":{"type":"required","message":"Path `{PATH}` is required.","path":"mobile","value":""},"kind":"required","path":"mobile","value":""}},"message":"","name":"ValidationError","level":"error","timestamp":"2017-04-04T13:12:07.527Z"}
{"level":"info","message":"Connected to mongo server.","timestamp":"2017-04-04T13:12:30.285Z"}
{"errors":{"mobile":{"message":"Path `mobile` is required.","name":"ValidatorError","properties":{"type":"required","message":"Path `{PATH}` is required.","path":"mobile","value":""},"kind":"required","path":"mobile","value":""}},"message":"","name":"ValidationError","level":"error","timestamp":"2017-04-04T13:12:30.309Z"}
{"name":"MongoError","message":"Could not connect to mongo server!","ok":0,"code":18,"errmsg":"Authentication failed.","level":"error","timestamp":"2017-04-04T13:20:49.356Z"}
{"level":"info","message":"Connected to mongo server.","timestamp":"2017-04-04T13:22:47.134Z"}
{"errors":{"mobile":{"message":"Path `mobile` is required.","name":"ValidatorError","properties":{"type":"required","message":"Path `{PATH}` is required.","path":"mobile","value":""},"kind":"required","path":"mobile","value":""}},"message":"","name":"ValidationError","level":"error","timestamp":"2017-04-04T13:22:47.161Z"}
{"level":"info","message":"Connected to mongo server.","timestamp":"2017-04-04T13:26:03.524Z"}
{"errors":{"mobile":{"message":"Path `mobile` is required.","name":"ValidatorError","properties":{"type":"required","message":"Path `{PATH}` is required.","path":"mobile","value":""},"kind":"required","path":"mobile","value":""}},"message":"","name":"ValidationError","level":"error","timestamp":"2017-04-04T13:26:03.553Z"}
{"level":"info","message":"Connected to mongo server.","timestamp":"2017-04-04T13:26:19.292Z"}
{"$__":{"strictMode":true,"inserting":true,"getters":{},"wasPopulated":false,"activePaths":{"paths":{"role":"require","isAccountActive":"require","accountLocked":"require","salt":"require","mobile":"require","password":"require","email":"require","lastName":"require","firstName":"require"},"states":{"ignore":{},"default":{},"init":{},"modify":{},"require":{"role":true,"isAccountActive":true,"accountLocked":true,"salt":true,"mobile":true,"password":true,"email":true,"lastName":true,"firstName":true}},"stateNames":["require","modify","init","default","ignore"]},"emitter":{"domain":null,"_events":{},"_eventsCount":0,"_maxListeners":0}},"isNew":false,"_doc":{"firstName":"SuperAdmin","lastName":"oodles","email":"abc@oodlestechnologies.com","password":"fd53f3df2d8015f6c3714a45b9343b4f4c2d70f5","mobile":"0123456789","salt":"4988a920-193a-11e7-a07c-f5335aa43b7c","accountLocked":false,"isAccountActive":true,"created":"2017-04-04T13:26:19.302Z","updated":"2017-04-04T13:26:19.302Z","_id":{"_bsontype":"ObjectID","id":{"0":88,"1":227,"2":158,"3":251,"4":148,"5":101,"6":17,"7":18,"8":106,"9":101,"10":181,"11":93}},"role":"ROLE_SUPERADMIN","__v":0},"level":"info","message":"","timestamp":"2017-04-04T13:26:20.889Z"}
{"level":"info","message":"Connected to mongo server.","timestamp":"2017-04-04T13:28:26.869Z"}
{"level":"info","message":"Connected to mongo server.","timestamp":"2017-04-05T09:47:32.672Z"}
{"level":"info","message":"Connected to mongo server.","timestamp":"2017-04-05T09:50:21.299Z"}
{"level":"info","message":"Connected to mongo server.","timestamp":"2017-04-05T09:50:54.073Z"}
{"level":"info","message":"Connected to mongo server.","timestamp":"2017-04-05T09:51:36.193Z"}
{"level":"info","message":"executed in accesslevel ","timestamp":"2017-04-05T09:51:55.031Z"}
{"level":"info","message":"Connected to mongo server.","timestamp":"2017-04-05T09:52:42.229Z"}
{"level":"info","message":"Connected to mongo server.","timestamp":"2017-04-05T09:52:46.292Z"}
{"level":"info","message":"executed in accesslevel ","timestamp":"2017-04-05T09:52:47.901Z"}
{"level":"info","message":"Connected to mongo server.","timestamp":"2017-04-05T09:53:34.899Z"}
{"level":"info","message":"executed in accesslevel ","timestamp":"2017-04-05T09:53:38.595Z"}
{"level":"info","message":"executed in accesslevel ","timestamp":"2017-04-05T09:53:59.145Z"}
{"level":"info","message":"Connected to mongo server.","timestamp":"2017-04-05T09:55:14.068Z"}
{"level":"info","message":"executed in accesslevel ","timestamp":"2017-04-05T09:55:17.703Z"}
{"level":"info","message":"Connected to mongo server.","timestamp":"2017-04-05T09:56:19.358Z"}
{"level":"info","message":"executed in accesslevel ","timestamp":"2017-04-05T09:56:20.658Z"}
{"level":"info","message":"Connected to mongo server.","timestamp":"2017-04-05T09:57:50.956Z"}
{"level":"info","message":"executed in accesslevel ","timestamp":"2017-04-05T09:59:05.849Z"}
{"level":"info","message":"Connected to mongo server.","timestamp":"2017-04-05T11:06:36.796Z"}
{"level":"info","message":"executed in accesslevel ","timestamp":"2017-04-05T11:06:42.278Z"}
{"level":"info","message":"Connected to mongo server.","timestamp":"2017-04-05T11:17:26.817Z"}
{"level":"info","message":"executed in accesslevel ","timestamp":"2017-04-05T11:17:34.872Z"}
{"level":"info","message":"executed in accesslevel ","timestamp":"2017-04-05T11:17:48.952Z"}
{"level":"info","message":"Connected to mongo server.","timestamp":"2017-04-05T11:18:42.674Z"}
{"level":"info","message":"executed in accesslevel ","timestamp":"2017-04-05T11:18:43.656Z"}
{"level":"info","message":"Connected to mongo server.","timestamp":"2017-04-05T11:19:33.565Z"}
{"level":"info","message":"executed in accesslevel ","timestamp":"2017-04-05T11:19:38.857Z"}
{"level":"info","message":"Connected to mongo server.","timestamp":"2017-04-05T11:20:48.971Z"}
{"level":"info","message":"executed in accesslevel ","timestamp":"2017-04-05T11:20:53.946Z"}
{"level":"info","message":"Connected to mongo server.","timestamp":"2017-04-05T11:22:39.678Z"}
{"level":"info","message":"executed in accesslevel ","timestamp":"2017-04-05T11:22:43.455Z"}
{"level":"info","message":"Connected to mongo server.","timestamp":"2017-04-05T11:23:51.435Z"}
{"level":"info","message":"executed in accesslevel ","timestamp":"2017-04-05T11:23:55.711Z"}
{"level":"info","message":"Connected to mongo server.","timestamp":"2017-04-05T11:25:10.116Z"}
{"level":"info","message":"executed in accesslevel ","timestamp":"2017-04-05T11:25:11.615Z"}
{"level":"info","message":"Connected to mongo server.","timestamp":"2017-04-05T11:28:19.127Z"}
{"level":"info","message":"executed in accesslevel ","timestamp":"2017-04-05T11:28:21.926Z"}
{"level":"info","message":"Connected to mongo server.","timestamp":"2017-04-05T11:29:37.437Z"}
{"level":"info","message":"executed in accesslevel ","timestamp":"2017-04-05T11:29:38.763Z"}
{"level":"info","message":"Connected to mongo server.","timestamp":"2017-04-05T11:29:57.374Z"}
{"level":"info","message":"executed in accesslevel ","timestamp":"2017-04-05T11:29:58.124Z"}
{"level":"info","message":"Connected to mongo server.","timestamp":"2017-04-05T11:34:23.726Z"}
{"level":"info","message":"executed in accesslevel ","timestamp":"2017-04-05T11:34:24.675Z"}
{"level":"info","message":"Connected to mongo server.","timestamp":"2017-04-05T12:47:27.895Z"}
{"level":"info","message":"executed in accesslevel ","timestamp":"2017-04-05T12:47:31.889Z"}
{"level":"info","message":"Connected to mongo server.","timestamp":"2017-04-05T12:48:14.882Z"}
{"level":"info","message":"executed in accesslevel ","timestamp":"2017-04-05T12:48:20.502Z"}
{"level":"info","message":"Connected to mongo server.","timestamp":"2017-04-05T12:52:46.088Z"}
{"level":"info","message":"executed in accesslevel ","timestamp":"2017-04-05T12:52:49.282Z"}
{"level":"info","message":"executed in accesslevel ","timestamp":"2017-04-05T12:53:08.574Z"}
{"level":"info","message":"executed in accesslevel ","timestamp":"2017-04-05T12:56:38.755Z"}
{"level":"info","message":"Connected to mongo server.","timestamp":"2017-04-05T12:56:47.953Z"}
{"level":"info","message":"executed in accesslevel ","timestamp":"2017-04-05T12:56:52.703Z"}
{"level":"info","message":"Connected to mongo server.","timestamp":"2017-04-05T12:58:12.983Z"}
{"level":"info","message":"executed in accesslevel ","timestamp":"2017-04-05T12:58:17.041Z"}
{"level":"info","message":"executed in accesslevel ","timestamp":"2017-04-05T13:09:54.816Z"}
{"level":"info","message":"Connected to mongo server.","timestamp":"2017-04-05T13:32:55.182Z"}
{"level":"info","message":"executed in accesslevel ","timestamp":"2017-04-05T13:33:04.110Z"}
{"level":"info","message":"Connected to mongo server.","timestamp":"2017-04-05T13:35:19.186Z"}
{"level":"info","message":"executed in accesslevel ","timestamp":"2017-04-05T13:35:20.934Z"}
{"level":"info","message":"Connected to mongo server.","timestamp":"2017-04-05T13:35:35.863Z"}
{"level":"info","message":"executed in accesslevel ","timestamp":"2017-04-05T13:35:37.305Z"}
{"level":"info","message":"Connected to mongo server.","timestamp":"2017-04-05T13:36:00.323Z"}
{"level":"info","message":"executed in accesslevel ","timestamp":"2017-04-05T13:36:03.365Z"}
{"level":"info","message":"Connected to mongo server.","timestamp":"2017-04-05T13:37:14.969Z"}
{"level":"info","message":"executed in accesslevel ","timestamp":"2017-04-05T13:37:15.912Z"}
{"level":"info","message":"Connected to mongo server.","timestamp":"2017-04-05T13:37:32.645Z"}
{"level":"info","message":"executed in accesslevel ","timestamp":"2017-04-05T13:37:33.327Z"}
{"level":"info","message":"executed in accesslevel ","timestamp":"2017-04-05T13:39:36.932Z"}
{"level":"info","message":"executed in accesslevel ","timestamp":"2017-04-05T13:39:56.222Z"}
{"level":"info","message":"executed in accesslevel ","timestamp":"2017-04-05T13:40:48.085Z"}
{"level":"info","message":"executed in accesslevel ","timestamp":"2017-04-05T13:41:39.175Z"}
{"level":"info","message":"executed in accesslevel ","timestamp":"2017-04-05T13:41:54.841Z"}
{"level":"info","message":"executed in accesslevel ","timestamp":"2017-04-05T13:42:07.136Z"}
{"level":"info","message":"executed in accesslevel ","timestamp":"2017-04-05T13:42:23.342Z"}
{"level":"info","message":"executed in accesslevel ","timestamp":"2017-04-05T13:43:59.191Z"}
{"level":"info","message":"executed in accesslevel ","timestamp":"2017-04-05T13:44:20.616Z"}
{"level":"info","message":"executed in accesslevel ","timestamp":"2017-04-05T13:45:20.207Z"}
{"level":"info","message":"executed in accesslevel ","timestamp":"2017-04-05T13:46:11.827Z"}
{"level":"info","message":"Connected to mongo server.","timestamp":"2017-04-05T13:49:19.630Z"}
{"level":"info","message":"executed in accesslevel ","timestamp":"2017-04-05T13:49:23.386Z"}
{"level":"info","message":"Connected to mongo server.","timestamp":"2017-04-05T13:50:21.900Z"}
{"level":"info","message":"Connected to mongo server.","timestamp":"2017-04-05T13:50:43.512Z"}
{"level":"info","message":"executed in accesslevel ","timestamp":"2017-04-05T13:50:43.844Z"}
{"level":"info","message":"executed in accesslevel ","timestamp":"2017-04-05T13:50:59.633Z"}
{"level":"info","message":"executed in accesslevel ","timestamp":"2017-04-05T13:51:24.029Z"}
{"level":"info","message":"executed in accesslevel ","timestamp":"2017-04-05T13:51:38.833Z"}
{"level":"info","message":"Connected to mongo server.","timestamp":"2017-04-05T13:51:53.230Z"}
{"level":"info","message":"executed in accesslevel ","timestamp":"2017-04-05T13:52:04.273Z"}
{"level":"info","message":"executed in accesslevel ","timestamp":"2017-04-05T13:52:51.957Z"}
{"level":"info","message":"executed in accesslevel ","timestamp":"2017-04-05T13:53:13.566Z"}
{"level":"info","message":"executed in accesslevel ","timestamp":"2017-04-05T13:53:55.261Z"}
{"level":"info","message":"Connected to mongo server.","timestamp":"2017-04-05T14:23:58.672Z"}
{"level":"info","message":"executed in accesslevel ","timestamp":"2017-04-05T14:24:03.287Z"}
{"level":"info","message":"executed in accesslevel ","timestamp":"2017-04-05T14:24:16.078Z"}
{"level":"info","message":"Connected to mongo server.","timestamp":"2017-04-05T14:25:14.589Z"}
{"level":"info","message":"executed in accesslevel ","timestamp":"2017-04-05T14:25:15.330Z"}
{"level":"info","message":"Connected to mongo server.","timestamp":"2017-04-05T14:30:07.558Z"}
{"level":"info","message":"executed in accesslevel ","timestamp":"2017-04-05T14:30:09.214Z"}
{"level":"info","message":"Connected to mongo server.","timestamp":"2017-04-05T14:30:59.257Z"}
{"level":"info","message":"executed in accesslevel ","timestamp":"2017-04-05T14:30:59.768Z"}
{"level":"info","message":"Connected to mongo server.","timestamp":"2017-04-05T14:32:19.421Z"}
{"level":"info","message":"executed in accesslevel ","timestamp":"2017-04-05T14:32:28.475Z"}
{"level":"info","message":"Connected to mongo server.","timestamp":"2017-04-05T14:34:23.398Z"}
{"level":"info","message":"executed in accesslevel ","timestamp":"2017-04-05T14:34:28.099Z"}
{"level":"info","message":"Connected to mongo server.","timestamp":"2017-04-05T14:36:16.112Z"}
{"level":"info","message":"executed in accesslevel ","timestamp":"2017-04-05T14:36:18.832Z"}
{"level":"info","message":"Connected to mongo server.","timestamp":"2017-04-05T14:38:15.497Z"}
{"level":"info","message":"executed in accesslevel ","timestamp":"2017-04-05T14:38:20.273Z"}
{"level":"info","message":"executed in accesslevel ","timestamp":"2017-04-05T14:38:40.230Z"}
{"level":"info","message":"executed in accesslevel ","timestamp":"2017-04-05T14:38:53.436Z"}
{"level":"info","message":"executed in accesslevel ","timestamp":"2017-04-05T14:39:19.524Z"}
{"level":"info","message":"Connected to mongo server.","timestamp":"2017-04-05T14:42:25.044Z"}
{"level":"info","message":"executed in accesslevel ","timestamp":"2017-04-05T14:42:31.991Z"}
{"level":"info","message":"Connected to mongo server.","timestamp":"2017-04-05T14:43:04.557Z"}
{"level":"info","message":"executed in accesslevel ","timestamp":"2017-04-05T14:43:07.260Z"}
{"level":"info","message":"executed in accesslevel ","timestamp":"2017-04-05T14:47:04.064Z"}
{"level":"info","message":"Connected to mongo server.","timestamp":"2017-04-05T14:48:57.728Z"}
{"level":"info","message":"executed in accesslevel ","timestamp":"2017-04-05T14:49:06.716Z"}
{"level":"info","message":"executed in accesslevel ","timestamp":"2017-04-05T14:50:48.375Z"}
{"level":"info","message":"Connected to mongo server.","timestamp":"2017-05-09T07:56:22.852Z"}
{"level":"info","message":"Connected to mongo server.","timestamp":"2017-05-09T08:01:07.524Z"}
{"level":"info","message":"Connected to mongo server.","timestamp":"2017-05-09T08:04:12.539Z"}
{"level":"info","message":"Connected to mongo server.","timestamp":"2017-05-09T08:05:09.564Z"}
{"level":"info","message":"Connected to mongo server.","timestamp":"2017-05-09T08:07:19.656Z"}
{"level":"info","message":"Connected to mongo server.","timestamp":"2017-05-09T08:08:44.087Z"}
{"level":"info","message":"Connected to mongo server.","timestamp":"2017-05-09T08:12:38.160Z"}
{"level":"info","message":"Connected to mongo server.","timestamp":"2017-05-09T08:13:05.984Z"}
{"level":"info","message":"Connected to mongo server.","timestamp":"2017-05-09T08:13:55.229Z"}
{"level":"info","message":"Connected to mongo server.","timestamp":"2017-05-09T08:20:19.906Z"}
{"level":"info","message":"Connected to mongo server.","timestamp":"2017-05-09T09:41:21.054Z"}
{"level":"info","message":"Connected to mongo server.","timestamp":"2017-05-09T09:42:32.304Z"}
{"level":"info","message":"Connected to mongo server.","timestamp":"2017-05-09T09:44:31.758Z"}
{"level":"info","message":"Connected to mongo server.","timestamp":"2017-05-09T09:47:22.142Z"}
{"level":"info","message":"Connected to mongo server.","timestamp":"2017-05-09T09:49:12.338Z"}
{"level":"info","message":"Connected to mongo server.","timestamp":"2017-05-09T12:18:57.381Z"}
{"level":"info","message":"Connected to mongo server.","timestamp":"2017-05-09T12:24:57.740Z"}
{"level":"info","message":"Connected to mongo server.","timestamp":"2017-05-09T12:27:45.319Z"}
{"level":"info","message":"Connected to mongo server.","timestamp":"2017-05-09T12:31:59.862Z"}
{"level":"info","message":"Connected to mongo server.","timestamp":"2017-05-09T12:33:37.987Z"}
{"level":"info","message":"Connected to mongo server.","timestamp":"2017-05-09T12:35:30.023Z"}
{"level":"info","message":"Connected to mongo server.","timestamp":"2017-05-09T12:39:45.099Z"}
{"level":"info","message":"Connected to mongo server.","timestamp":"2017-05-09T12:41:51.413Z"}
{"level":"info","message":"Connected to mongo server.","timestamp":"2017-05-09T12:45:41.783Z"}
{"level":"info","message":"Connected to mongo server.","timestamp":"2017-05-09T12:47:24.728Z"}
{"level":"info","message":"Connected to mongo server.","timestamp":"2017-05-09T12:48:30.705Z"}
{"name":"MongoError","message":"Could not connect to mongo server!","level":"error","timestamp":"2017-05-10T05:36:03.429Z"}
{"level":"info","message":"Connected to mongo server.","timestamp":"2017-05-10T05:39:12.271Z"}
{"level":"info","message":"Connected to mongo server.","timestamp":"2017-05-10T06:06:26.637Z"}
{"level":"info","message":"Connected to mongo server.","timestamp":"2017-05-10T07:18:52.980Z"}
{"level":"info","message":"Connected to mongo server.","timestamp":"2017-05-10T07:28:48.811Z"}
{"level":"info","message":"Connected to mongo server.","timestamp":"2017-05-10T07:34:08.529Z"}
{"level":"info","message":"Connected to mongo server.","timestamp":"2017-05-10T07:35:04.551Z"}
{"level":"info","message":"Connected to mongo server.","timestamp":"2017-05-10T07:39:51.921Z"}
{"level":"info","message":"Connected to mongo server.","timestamp":"2017-05-10T07:43:24.624Z"}
{"level":"info","message":"Connected to mongo server.","timestamp":"2017-05-10T07:43:44.736Z"}
{"level":"info","message":"Connected to mongo server.","timestamp":"2017-05-10T07:49:40.403Z"}
{"level":"info","message":"Connected to mongo server.","timestamp":"2017-05-10T07:50:31.518Z"}
{"level":"info","message":"Connected to mongo server.","timestamp":"2017-05-10T07:53:40.788Z"}
{"level":"info","message":"Connected to mongo server.","timestamp":"2017-05-10T08:23:04.787Z"}
{"level":"info","message":"Connected to mongo server.","timestamp":"2017-05-10T08:23:44.591Z"}
{"level":"info","message":"Connected to mongo server.","timestamp":"2017-05-10T08:24:16.857Z"}
{"level":"info","message":"Connected to mongo server.","timestamp":"2017-05-10T08:25:04.835Z"}
{"level":"info","message":"Connected to mongo server.","timestamp":"2017-05-10T08:25:54.303Z"}
{"level":"info","message":"Connected to mongo server.","timestamp":"2017-05-10T08:26:31.809Z"}
{"level":"info","message":"Connected to mongo server.","timestamp":"2017-05-10T10:29:05.857Z"}
{"level":"info","message":"Connected to mongo server.","timestamp":"2017-05-10T10:30:38.218Z"}
{"level":"info","message":"Connected to mongo server.","timestamp":"2017-05-10T10:30:53.475Z"}
{"level":"info","message":"Connected to mongo server.","timestamp":"2017-05-11T07:17:11.102Z"}
{"level":"info","message":"Connected to mongo server.","timestamp":"2017-05-11T07:17:44.227Z"}
{"level":"info","message":"Connected to mongo server.","timestamp":"2017-05-11T07:18:08.264Z"}
{"level":"info","message":"Connected to mongo server.","timestamp":"2017-05-11T07:20:28.579Z"}
{"level":"info","message":"Connected to mongo server.","timestamp":"2017-05-11T07:28:16.241Z"}
{"level":"info","message":"Connected to mongo server.","timestamp":"2017-05-11T07:29:03.554Z"}
{"level":"info","message":"Connected to mongo server.","timestamp":"2017-05-11T07:29:59.038Z"}
{"name":"MongoError","message":"Could not connect to mongo server!","level":"error","timestamp":"2017-05-11T07:31:03.279Z"}
{"level":"info","message":"Connected to mongo server.","timestamp":"2017-05-11T07:31:31.245Z"}
{"level":"info","message":"Connected to mongo server.","timestamp":"2017-05-11T07:33:16.165Z"}
{"level":"info","message":"Connected to mongo server.","timestamp":"2017-05-11T07:34:16.568Z"}
{"level":"info","message":"Connected to mongo server.","timestamp":"2017-05-11T07:42:13.611Z"}
{"level":"info","message":"Connected to mongo server.","timestamp":"2017-05-11T07:43:25.553Z"}
{"level":"info","message":"Connected to mongo server.","timestamp":"2017-05-11T07:44:31.846Z"}
{"level":"info","message":"executed in accesslevel ","timestamp":"2017-05-11T07:45:08.035Z"}
{"level":"info","message":"Connected to mongo server.","timestamp":"2017-05-11T07:48:24.280Z"}
{"level":"info","message":"executed in accesslevel ","timestamp":"2017-05-11T07:48:27.848Z"}
{"level":"info","message":"executed in accesslevel ","timestamp":"2017-05-11T07:52:04.241Z"}
{"level":"info","message":"Connected to mongo server.","timestamp":"2017-05-11T07:52:17.460Z"}
{"level":"info","message":"executed in accesslevel ","timestamp":"2017-05-11T07:52:20.709Z"}
{"level":"info","message":"Connected to mongo server.","timestamp":"2017-05-11T08:00:46.602Z"}
{"level":"info","message":"executed in accesslevel ","timestamp":"2017-05-11T08:00:50.966Z"}
{"level":"info","message":"Connected to mongo server.","timestamp":"2017-05-11T08:02:37.862Z"}
{"level":"info","message":"executed in accesslevel ","timestamp":"2017-05-11T08:02:40.173Z"}
{"level":"info","message":"Connected to mongo server.","timestamp":"2017-05-11T08:06:28.489Z"}
{"level":"info","message":"executed in accesslevel ","timestamp":"2017-05-11T08:06:30.820Z"}
{"level":"info","message":"Connected to mongo server.","timestamp":"2017-05-11T08:10:59.719Z"}
{"level":"info","message":"executed in accesslevel ","timestamp":"2017-05-11T08:11:09.177Z"}
{"level":"info","message":"Connected to mongo server.","timestamp":"2017-05-11T08:11:42.235Z"}
{"level":"info","message":"executed in accesslevel ","timestamp":"2017-05-11T08:11:43.762Z"}
{"level":"info","message":"executed in accesslevel ","timestamp":"2017-05-11T08:14:14.309Z"}
{"level":"info","message":"executed in accesslevel ","timestamp":"2017-05-11T08:16:16.293Z"}
